\BOOKMARK [0][-]{chapter*.3}{\376\377\005\324\005\347\005\323\005\336\005\324}{}% 1
\BOOKMARK [1][-]{section*.4}{\376\377\005\324\005\321\005\324\005\350\005\324}{chapter*.3}% 2
\BOOKMARK [1][-]{section*.5}{\376\377\005\341\005\344\005\350\005\325\005\352\000\040\005\336\005\325\005\336\005\334\005\346\005\352}{chapter*.3}% 3
\BOOKMARK [0][-]{chapter.1}{\376\377\005\336\005\321\005\325\005\320}{}% 4
\BOOKMARK [1][-]{section.1.1}{\376\377\005\336\005\325\005\330\005\331\005\321\005\346\005\331\005\324}{chapter.1}% 5
\BOOKMARK [1][-]{section.1.2}{\376\377\005\340\005\347\005\325\005\323\005\325\005\352\000\040\005\347\005\350\005\331\005\330\005\331\005\325\005\352}{chapter.1}% 6
\BOOKMARK [1][-]{section.1.3}{\376\377\005\324\005\323\005\321\005\347\005\352\000\040\005\331\005\323\005\331\005\325\005\352}{chapter.1}% 7
\BOOKMARK [2][-]{subsection.1.3.1}{\376\377\005\344\005\325\005\340\005\347\005\346\005\331\005\325\005\352\000\040\005\336\005\325\005\350\005\341}{section.1.3}% 8
\BOOKMARK [2][-]{subsection.1.3.2}{\376\377\005\324\005\334\005\336\005\324\000\040\005\351\005\334\000\040\005\336\005\325\005\350\005\341}{section.1.3}% 9
\BOOKMARK [2][-]{subsection.1.3.3}{\376\377\005\351\005\347\005\331\005\334\005\325\005\352\000\040\005\351\005\334\000\040\005\336\005\351\005\330\005\327\005\331\005\335}{section.1.3}% 10
\BOOKMARK [2][-]{subsection.1.3.4}{\376\377\005\324\005\325\005\341\005\344\005\352\000\040\005\340\005\347\005\325\005\323\005\324\000\040\005\347\005\350\005\331\005\330\005\331\005\352}{section.1.3}% 11
\BOOKMARK [2][-]{subsection.1.3.5}{\376\377\005\336\005\342\005\321\005\350\000\040\005\342\005\323\000\040\005\333\005\323\005\331\000\040\005\323\005\331\005\344\005\320\005\325\005\336\005\325\005\350\005\344\005\331\005\326\005\335}{section.1.3}% 12
\BOOKMARK [2][-]{subsection.1.3.6}{\376\377\005\324\005\325\005\341\005\344\005\352\000\040\005\336\005\341\005\344\005\350\000\040\005\340\005\347\005\325\005\323\005\325\005\352\000\040\005\347\005\350\005\331\005\330\005\331\005\325\005\352}{section.1.3}% 13
\BOOKMARK [2][-]{subsection.1.3.7}{\376\377\005\351\005\331\005\336\005\325\005\351\005\331\005\335}{section.1.3}% 14
\BOOKMARK [1][-]{section.1.4}{\376\377\005\347\005\331\005\325\005\335\000\040\005\344\005\325\005\340\005\347\005\346\005\331\005\325\005\352\000\040\005\336\005\325\005\350\005\341}{chapter.1}% 15
\BOOKMARK [1][-]{section.1.5}{\376\377\005\352\005\352\005\276\005\331\005\350\005\331\005\342\005\325\005\352\000\040\005\331\005\346\005\331\005\321\005\325\005\352}{chapter.1}% 16
\BOOKMARK [1][-]{section.1.6}{\376\377\005\347\005\325\005\336\005\344\005\334\005\347\005\341\005\331\000\040\000C\000W\000\040\005\325\005\352\005\340\005\320\005\331\000\040\000M\000o\000r\000s\000e\000-\000S\000m\000a\000l\000e}{chapter.1}% 17
\BOOKMARK [2][-]{subsection.1.6.1}{\376\377\005\324\005\325\005\336\005\325\005\334\005\325\005\322\005\331\005\331\005\352\000\040\005\336\005\325\005\350\005\341}{section.1.6}% 18
\BOOKMARK [2][-]{subsection.1.6.2}{\376\377\005\327\005\331\005\351\005\325\005\321\005\331\000\040\005\324\005\325\005\336\005\325\005\334\005\325\005\322\005\331\005\324}{section.1.6}% 19
\BOOKMARK [2][-]{subsection.1.6.3}{\376\377\005\320\005\331\005\276\005\352\005\334\005\325\005\352\000\040\005\351\005\334\000\040\000H\000M\000*\000\050\000\040\000F\000,\000\040\000\051\000\040\005\321\005\276\000\050\000\040\000F\000,\000\040\000\051}{section.1.6}% 20
\BOOKMARK [2][-]{subsection.1.6.4}{\376\377\005\351\005\331\005\336\005\325\005\351\005\331\005\335}{section.1.6}% 21
\BOOKMARK [1][-]{section.1.7}{\376\377\005\347\005\325\005\324\005\325\005\336\005\325\005\334\005\325\005\322\005\331\005\331\005\352\000\040\005\336\005\325\005\350\005\341}{chapter.1}% 22
\BOOKMARK [2][-]{subsection.1.7.1}{\376\377\005\336\005\333\005\344\005\334\005\324\000\040\005\321\005\324\005\325\005\336\005\325\005\334\005\325\005\322\005\331\005\324}{section.1.7}% 23
\BOOKMARK [1][-]{section.1.8}{\376\377\005\351\005\331\005\336\005\325\005\351\005\331\005\335}{chapter.1}% 24
\BOOKMARK [2][-]{subsection.1.8.1}{\376\377\005\340\005\325\005\341\005\327\005\320\005\352\000\040\000K\000\374\000n\000n\000e\000t\000h}{section.1.8}% 25
\BOOKMARK [1][-]{section.1.9}{\376\377\005\324\005\333\005\334\005\334\005\325\005\352\000\040\005\351\005\334\000\040\005\352\005\325\005\350\005\352\000\040\005\336\005\325\005\350\005\341}{chapter.1}% 26
\BOOKMARK [1][-]{section.1.10}{\376\377\005\324\005\325\005\336\005\325\005\334\005\325\005\322\005\331\005\331\005\352\000\040\005\336\005\325\005\350\005\341\000\040\005\342\005\335\000\040\005\336\005\347\005\323\005\336\005\331\005\335\000\040\005\321\005\276\000Z}{chapter.1}% 27
\BOOKMARK [0][-]{chapter.2}{\376\377\005\352\005\325\005\350\005\352\000\040\000m\000i\000n\000i\000m\000a\000x}{}% 28
\BOOKMARK [0][-]{chapter.3}{\376\377\005\352\005\325\005\350\005\352\000\040\005\336\005\325\005\350\005\341\000\040\005\321\005\331\005\350\005\331\005\342\005\325\005\352\000\040\005\320\005\331\005\340\005\341\005\325\005\343\000\040\005\336\005\331\005\336\005\323\005\331\005\325\005\352}{}% 29
\BOOKMARK [1][-]{section.3.1}{\376\377\005\324\005\333\005\340\005\325\005\352}{chapter.3}% 30
